{"D:\\Websites\\huble_phumlani\\src\\App.jsx": {"path":"D:\\Websites\\huble_phumlani\\src\\App.jsx","statementMap":{"0":{"start":{"line":6,"column":2},"end":{"line":13,"column":4}}},"fnMap":{"0":{"name":"App","decl":{"start":{"line":5,"column":9},"end":{"line":5,"column":12}},"loc":{"start":{"line":5,"column":15},"end":{"line":14,"column":1}},"line":5}},"branchMap":{},"s":{"0":0},"f":{"0":0},"b":{}}
,"D:\\Websites\\huble_phumlani\\src\\main.jsx": {"path":"D:\\Websites\\huble_phumlani\\src\\main.jsx","statementMap":{"0":{"start":{"line":7,"column":0},"end":{"line":13,"column":2}}},"fnMap":{},"branchMap":{},"s":{"0":0},"f":{},"b":{}}
,"D:\\Websites\\huble_phumlani\\src\\components\\Accordion.jsx": {"path":"D:\\Websites\\huble_phumlani\\src\\components\\Accordion.jsx","statementMap":{"0":{"start":{"line":5,"column":25},"end":{"line":31,"column":1}},"1":{"start":{"line":6,"column":40},"end":{"line":6,"column":54}},"2":{"start":{"line":8,"column":2},"end":{"line":10,"column":9}},"3":{"start":{"line":9,"column":4},"end":{"line":9,"column":22}},"4":{"start":{"line":12,"column":26},"end":{"line":14,"column":3}},"5":{"start":{"line":13,"column":4},"end":{"line":13,"column":72}},"6":{"start":{"line":13,"column":35},"end":{"line":13,"column":69}},"7":{"start":{"line":16,"column":2},"end":{"line":30,"column":4}},"8":{"start":{"line":19,"column":8},"end":{"line":27,"column":10}},"9":{"start":{"line":26,"column":25},"end":{"line":26,"column":47}}},"fnMap":{"0":{"name":"(anonymous_0)","decl":{"start":{"line":5,"column":25},"end":{"line":5,"column":26}},"loc":{"start":{"line":5,"column":31},"end":{"line":31,"column":1}},"line":5},"1":{"name":"(anonymous_1)","decl":{"start":{"line":8,"column":12},"end":{"line":8,"column":13}},"loc":{"start":{"line":8,"column":18},"end":{"line":10,"column":3}},"line":8},"2":{"name":"(anonymous_2)","decl":{"start":{"line":12,"column":26},"end":{"line":12,"column":27}},"loc":{"start":{"line":12,"column":37},"end":{"line":14,"column":3}},"line":12},"3":{"name":"(anonymous_3)","decl":{"start":{"line":13,"column":19},"end":{"line":13,"column":20}},"loc":{"start":{"line":13,"column":35},"end":{"line":13,"column":69}},"line":13},"4":{"name":"(anonymous_4)","decl":{"start":{"line":18,"column":25},"end":{"line":18,"column":26}},"loc":{"start":{"line":19,"column":8},"end":{"line":27,"column":10}},"line":19},"5":{"name":"(anonymous_5)","decl":{"start":{"line":26,"column":19},"end":{"line":26,"column":20}},"loc":{"start":{"line":26,"column":25},"end":{"line":26,"column":47}},"line":26}},"branchMap":{"0":{"loc":{"start":{"line":13,"column":35},"end":{"line":13,"column":69}},"type":"cond-expr","locations":[{"start":{"line":13,"column":57},"end":{"line":13,"column":61}},{"start":{"line":13,"column":64},"end":{"line":13,"column":69}}],"line":13}},"s":{"0":0,"1":0,"2":0,"3":0,"4":0,"5":0,"6":0,"7":0,"8":0,"9":0},"f":{"0":0,"1":0,"2":0,"3":0,"4":0,"5":0},"b":{"0":[0,0]}}
,"D:\\Websites\\huble_phumlani\\src\\components\\AccordionItem.jsx": {"path":"D:\\Websites\\huble_phumlani\\src\\components\\AccordionItem.jsx","statementMap":{"0":{"start":{"line":4,"column":29},"end":{"line":75,"column":1}},"1":{"start":{"line":12,"column":24},"end":{"line":12,"column":32}},"2":{"start":{"line":13,"column":2},"end":{"line":74,"column":4}}},"fnMap":{"0":{"name":"(anonymous_0)","decl":{"start":{"line":4,"column":29},"end":{"line":4,"column":30}},"loc":{"start":{"line":11,"column":6},"end":{"line":75,"column":1}},"line":11}},"branchMap":{"0":{"loc":{"start":{"line":25,"column":14},"end":{"line":25,"column":40}},"type":"cond-expr","locations":[{"start":{"line":25,"column":23},"end":{"line":25,"column":35}},{"start":{"line":25,"column":38},"end":{"line":25,"column":40}}],"line":25},"1":{"loc":{"start":{"line":41,"column":12},"end":{"line":41,"column":37}},"type":"cond-expr","locations":[{"start":{"line":41,"column":21},"end":{"line":41,"column":32}},{"start":{"line":41,"column":35},"end":{"line":41,"column":37}}],"line":41},"2":{"loc":{"start":{"line":44,"column":12},"end":{"line":46,"column":33}},"type":"cond-expr","locations":[{"start":{"line":45,"column":16},"end":{"line":45,"column":64}},{"start":{"line":46,"column":16},"end":{"line":46,"column":33}}],"line":44},"3":{"loc":{"start":{"line":68,"column":10},"end":{"line":68,"column":72}},"type":"cond-expr","locations":[{"start":{"line":68,"column":19},"end":{"line":68,"column":43}},{"start":{"line":68,"column":46},"end":{"line":68,"column":72}}],"line":68}},"s":{"0":1,"1":4,"2":4},"f":{"0":4},"b":{"0":[0,4],"1":[0,4],"2":[0,4],"3":[0,4]},"_coverageSchema":"1a1c01bbd47fc00a2c39e90264f33305004495a9","hash":"86ba8ceb750c9eb0379972ed6adea18e564d4605"}
,"D:\\Websites\\huble_phumlani\\src\\components\\Button.jsx": {"path":"D:\\Websites\\huble_phumlani\\src\\components\\Button.jsx","statementMap":{"0":{"start":{"line":1,"column":22},"end":{"line":15,"column":1}},"1":{"start":{"line":2,"column":18},"end":{"line":8,"column":3}},"2":{"start":{"line":3,"column":4},"end":{"line":7,"column":16}},"3":{"start":{"line":10,"column":2},"end":{"line":14,"column":4}}},"fnMap":{"0":{"name":"(anonymous_0)","decl":{"start":{"line":1,"column":22},"end":{"line":1,"column":23}},"loc":{"start":{"line":1,"column":68},"end":{"line":15,"column":1}},"line":1},"1":{"name":"(anonymous_1)","decl":{"start":{"line":2,"column":18},"end":{"line":2,"column":19}},"loc":{"start":{"line":2,"column":24},"end":{"line":8,"column":3}},"line":2}},"branchMap":{"0":{"loc":{"start":{"line":4,"column":6},"end":{"line":4,"column":34}},"type":"cond-expr","locations":[{"start":{"line":4,"column":18},"end":{"line":4,"column":29}},{"start":{"line":4,"column":32},"end":{"line":4,"column":34}}],"line":4}},"s":{"0":2,"1":10,"2":10,"3":10},"f":{"0":10,"1":10},"b":{"0":[0,10]},"_coverageSchema":"1a1c01bbd47fc00a2c39e90264f33305004495a9","hash":"b53ef28ac4e1aaaabdfaa40a1a552e7392f4dca8"}
,"D:\\Websites\\huble_phumlani\\src\\components\\index.js": {"path":"D:\\Websites\\huble_phumlani\\src\\components\\index.js","statementMap":{},"fnMap":{},"branchMap":{},"s":{},"f":{},"b":{}}
,"D:\\Websites\\huble_phumlani\\src\\utils\\accordionData.js": {"path":"D:\\Websites\\huble_phumlani\\src\\utils\\accordionData.js","statementMap":{"0":{"start":{"line":1,"column":29},"end":{"line":22,"column":1}}},"fnMap":{},"branchMap":{},"s":{"0":0},"f":{},"b":{}}
,"D:\\Websites\\huble_phumlani\\src\\utils\\imageUrls.js": {"path":"D:\\Websites\\huble_phumlani\\src\\utils\\imageUrls.js","statementMap":{"0":{"start":{"line":1,"column":25},"end":{"line":12,"column":1}}},"fnMap":{},"branchMap":{},"s":{"0":0},"f":{},"b":{}}
,"D:\\Websites\\huble_phumlani\\src\\utils\\index.js": {"path":"D:\\Websites\\huble_phumlani\\src\\utils\\index.js","statementMap":{},"fnMap":{},"branchMap":{},"s":{},"f":{},"b":{}}
,"D:\\Websites\\huble_phumlani\\src\\utils\\sliderSettings.js": {"path":"D:\\Websites\\huble_phumlani\\src\\utils\\sliderSettings.js","statementMap":{"0":{"start":{"line":1,"column":30},"end":{"line":35,"column":1}}},"fnMap":{},"branchMap":{},"s":{"0":0},"f":{},"b":{}}
,"D:\\Websites\\huble_phumlani\\src\\views\\AccordionPage.jsx": {"path":"D:\\Websites\\huble_phumlani\\src\\views\\AccordionPage.jsx","statementMap":{"0":{"start":{"line":2,"column":29},"end":{"line":17,"column":1}},"1":{"start":{"line":3,"column":2},"end":{"line":16,"column":4}}},"fnMap":{"0":{"name":"(anonymous_0)","decl":{"start":{"line":2,"column":29},"end":{"line":2,"column":30}},"loc":{"start":{"line":2,"column":35},"end":{"line":17,"column":1}},"line":2}},"branchMap":{},"s":{"0":0,"1":0},"f":{"0":0},"b":{}}
,"D:\\Websites\\huble_phumlani\\src\\views\\HeroBanner.jsx": {"path":"D:\\Websites\\huble_phumlani\\src\\views\\HeroBanner.jsx","statementMap":{"0":{"start":{"line":7,"column":26},"end":{"line":54,"column":1}},"1":{"start":{"line":8,"column":2},"end":{"line":53,"column":4}},"2":{"start":{"line":41,"column":14},"end":{"line":47,"column":20}}},"fnMap":{"0":{"name":"(anonymous_0)","decl":{"start":{"line":7,"column":26},"end":{"line":7,"column":27}},"loc":{"start":{"line":7,"column":32},"end":{"line":54,"column":1}},"line":7},"1":{"name":"(anonymous_1)","decl":{"start":{"line":40,"column":27},"end":{"line":40,"column":28}},"loc":{"start":{"line":41,"column":14},"end":{"line":47,"column":20}},"line":41}},"branchMap":{},"s":{"0":0,"1":0,"2":0},"f":{"0":0,"1":0},"b":{}}
,"D:\\Websites\\huble_phumlani\\src\\views\\PageError.jsx": {"path":"D:\\Websites\\huble_phumlani\\src\\views\\PageError.jsx","statementMap":{"0":{"start":{"line":4,"column":25},"end":{"line":25,"column":1}},"1":{"start":{"line":5,"column":19},"end":{"line":5,"column":32}},"2":{"start":{"line":6,"column":2},"end":{"line":24,"column":4}},"3":{"start":{"line":17,"column":29},"end":{"line":17,"column":42}}},"fnMap":{"0":{"name":"(anonymous_0)","decl":{"start":{"line":4,"column":25},"end":{"line":4,"column":26}},"loc":{"start":{"line":4,"column":31},"end":{"line":25,"column":1}},"line":4},"1":{"name":"(anonymous_1)","decl":{"start":{"line":17,"column":23},"end":{"line":17,"column":24}},"loc":{"start":{"line":17,"column":29},"end":{"line":17,"column":42}},"line":17}},"branchMap":{},"s":{"0":0,"1":0,"2":0,"3":0},"f":{"0":0,"1":0},"b":{}}
,"D:\\Websites\\huble_phumlani\\src\\views\\Welcome.jsx": {"path":"D:\\Websites\\huble_phumlani\\src\\views\\Welcome.jsx","statementMap":{"0":{"start":{"line":4,"column":23},"end":{"line":30,"column":1}},"1":{"start":{"line":5,"column":19},"end":{"line":5,"column":32}},"2":{"start":{"line":6,"column":2},"end":{"line":29,"column":4}},"3":{"start":{"line":17,"column":29},"end":{"line":17,"column":53}},"4":{"start":{"line":22,"column":29},"end":{"line":22,"column":51}}},"fnMap":{"0":{"name":"(anonymous_0)","decl":{"start":{"line":4,"column":23},"end":{"line":4,"column":24}},"loc":{"start":{"line":4,"column":29},"end":{"line":30,"column":1}},"line":4},"1":{"name":"(anonymous_1)","decl":{"start":{"line":17,"column":23},"end":{"line":17,"column":24}},"loc":{"start":{"line":17,"column":29},"end":{"line":17,"column":53}},"line":17},"2":{"name":"(anonymous_2)","decl":{"start":{"line":22,"column":23},"end":{"line":22,"column":24}},"loc":{"start":{"line":22,"column":29},"end":{"line":22,"column":51}},"line":22}},"branchMap":{},"s":{"0":0,"1":0,"2":0,"3":0,"4":0},"f":{"0":0,"1":0,"2":0},"b":{}}
,"D:\\Websites\\huble_phumlani\\src\\views\\index.js": {"path":"D:\\Websites\\huble_phumlani\\src\\views\\index.js","statementMap":{},"fnMap":{},"branchMap":{},"s":{},"f":{},"b":{}}
}
